This is pdfTeX, Version 3.141592653-2.6-1.40.22 (TeX Live 2022/dev/Debian) (preloaded format=pdflatex 2023.3.23)  14 MAY 2023 17:36
entering extended mode
 restricted \write18 enabled.
 file:line:error style messages enabled.
 %&-line parsing enabled.
**/home/jinjin/intermediate_physics_experiment/lock_in/report/lock_in_report.tex
(/home/jinjin/intermediate_physics_experiment/lock_in/report/lock_in_report.tex
LaTeX2e <2021-11-15> patch level 1
L3 programming layer <2022-01-21> (/usr/share/texlive/texmf-dist/tex/latex/base/article.cls
Document Class: article 2021/10/04 v1.4n Standard LaTeX document class
(/usr/share/texlive/texmf-dist/tex/latex/base/size10.clo
File: size10.clo 2021/10/04 v1.4n Standard LaTeX file (size option)
)
\c@part=\count185
\c@section=\count186
\c@subsection=\count187
\c@subsubsection=\count188
\c@paragraph=\count189
\c@subparagraph=\count190
\c@figure=\count191
\c@table=\count192
\abovecaptionskip=\skip47
\belowcaptionskip=\skip48
\bibindent=\dimen138
) (/usr/share/texlive/texmf-dist/tex/latex/preprint/authblk.sty
Package: authblk 2001/02/27 1.3 (PWD)
\affilsep=\skip49
\@affilsep=\skip50
\c@Maxaffil=\count193
\c@authors=\count194
\c@affil=\count195
) (/usr/share/texlive/texmf-dist/tex/latex/listings/listings.sty (/usr/share/texlive/texmf-dist/tex/latex/graphics/keyval.sty
Package: keyval 2014/10/28 v1.15 key=value parser (DPC)
\KV@toks@=\toks16
)
\lst@mode=\count196
\lst@gtempboxa=\box50
\lst@token=\toks17
\lst@length=\count197
\lst@currlwidth=\dimen139
\lst@column=\count198
\lst@pos=\count199
\lst@lostspace=\dimen140
\lst@width=\dimen141
\lst@newlines=\count266
\lst@lineno=\count267
\lst@maxwidth=\dimen142
 (/usr/share/texlive/texmf-dist/tex/latex/listings/lstmisc.sty
File: lstmisc.sty 2020/03/24 1.8d (Carsten Heinz)
\c@lstnumber=\count268
\lst@skipnumbers=\count269
\lst@framebox=\box51
) (/usr/share/texlive/texmf-dist/tex/latex/listings/listings.cfg
File: listings.cfg 2020/03/24 1.8d listings configuration
))
Package: listings 2020/03/24 1.8d (Carsten Heinz)
 (/usr/share/texlive/texmf-dist/tex/latex/chngcntr/chngcntr.sty
Package: chngcntr 2018/04/09 v1.1a change counter resetting
Package chngcntr Info: \counterwithout already defined.
(chngcntr)             Quitting chngcntr on input line 21.
) (/usr/share/texlive/texmf-dist/tex/latex/base/textcomp.sty
Package: textcomp 2020/02/02 v2.0n Standard LaTeX package
) (/usr/share/texlive/texmf-dist/tex/latex/float/float.sty
Package: float 2001/11/08 v1.3d Float enhancements (AL)
\c@float@type=\count270
\float@exts=\toks18
\float@box=\box52
\@float@everytoks=\toks19
\@floatcapt=\box53
) (/usr/share/texlive/texmf-dist/tex/latex/base/fontenc.sty
Package: fontenc 2021/04/29 v2.0v Standard LaTeX package
) (/usr/share/texlive/texmf-dist/tex/latex/tools/indentfirst.sty
Package: indentfirst 1995/11/23 v1.03 Indent first paragraph (DPC)
) (/usr/share/texlive/texmf-dist/tex/latex/graphics/graphicx.sty
Package: graphicx 2021/09/16 v1.2d Enhanced LaTeX Graphics (DPC,SPQR)
 (/usr/share/texlive/texmf-dist/tex/latex/graphics/graphics.sty
Package: graphics 2021/03/04 v1.4d Standard LaTeX Graphics (DPC,SPQR)
 (/usr/share/texlive/texmf-dist/tex/latex/graphics/trig.sty
Package: trig 2021/08/11 v1.11 sin cos tan (DPC)
) (/usr/share/texlive/texmf-dist/tex/latex/graphics-cfg/graphics.cfg
File: graphics.cfg 2016/06/04 v1.11 sample graphics configuration
)
Package graphics Info: Driver file: pdftex.def on input line 107.
 (/usr/share/texlive/texmf-dist/tex/latex/graphics-def/pdftex.def
File: pdftex.def 2020/10/05 v1.2a Graphics/color driver for pdftex
))
\Gin@req@height=\dimen143
\Gin@req@width=\dimen144
) (/usr/share/texlive/texmf-dist/tex/latex/tools/array.sty
Package: array 2021/10/04 v2.5f Tabular extension package (FMi)
\col@sep=\dimen145
\ar@mcellbox=\box54
\extrarowheight=\dimen146
\NC@list=\toks20
\extratabsurround=\skip51
\backup@length=\skip52
\ar@cellbox=\box55
) (/usr/share/texlive/texmf-dist/tex/latex/caption/caption.sty
Package: caption 2020/10/26 v3.5g Customizing captions (AR)
 (/usr/share/texlive/texmf-dist/tex/latex/caption/caption3.sty
Package: caption3 2020/10/21 v2.2e caption3 kernel (AR)
\captionmargin=\dimen147
\captionmargin@=\dimen148
\captionwidth=\dimen149
\caption@tempdima=\dimen150
\caption@indent=\dimen151
\caption@parindent=\dimen152
\caption@hangindent=\dimen153
Package caption Info: Standard document class detected.
)
\c@caption@flags=\count271
\c@continuedfloat=\count272
Package caption Info: float package is loaded.
Package caption Info: listings package is loaded.
) (/usr/share/texlive/texmf-dist/tex/latex/hyperref/hyperref.sty
Package: hyperref 2021-06-07 v7.00m Hypertext links for LaTeX
 (/usr/share/texlive/texmf-dist/tex/generic/ltxcmds/ltxcmds.sty
Package: ltxcmds 2020-05-10 v1.25 LaTeX kernel commands for general use (HO)
) (/usr/share/texlive/texmf-dist/tex/generic/iftex/iftex.sty
Package: iftex 2020/03/06 v1.0d TeX engine tests
) (/usr/share/texlive/texmf-dist/tex/generic/pdftexcmds/pdftexcmds.sty
Package: pdftexcmds 2020-06-27 v0.33 Utility functions of pdfTeX for LuaTeX (HO)
 (/usr/share/texlive/texmf-dist/tex/generic/infwarerr/infwarerr.sty
Package: infwarerr 2019/12/03 v1.5 Providing info/warning/error messages (HO)
)
Package pdftexcmds Info: \pdf@primitive is available.
Package pdftexcmds Info: \pdf@ifprimitive is available.
Package pdftexcmds Info: \pdfdraftmode found.
) (/usr/share/texlive/texmf-dist/tex/generic/kvsetkeys/kvsetkeys.sty
Package: kvsetkeys 2019/12/15 v1.18 Key value parser (HO)
) (/usr/share/texlive/texmf-dist/tex/generic/kvdefinekeys/kvdefinekeys.sty
Package: kvdefinekeys 2019-12-19 v1.6 Define keys (HO)
) (/usr/share/texlive/texmf-dist/tex/generic/pdfescape/pdfescape.sty
Package: pdfescape 2019/12/09 v1.15 Implements pdfTeX's escape features (HO)
) (/usr/share/texlive/texmf-dist/tex/latex/hycolor/hycolor.sty
Package: hycolor 2020-01-27 v1.10 Color options for hyperref/bookmark (HO)
) (/usr/share/texlive/texmf-dist/tex/latex/letltxmacro/letltxmacro.sty
Package: letltxmacro 2019/12/03 v1.6 Let assignment for LaTeX macros (HO)
) (/usr/share/texlive/texmf-dist/tex/latex/auxhook/auxhook.sty
Package: auxhook 2019-12-17 v1.6 Hooks for auxiliary files (HO)
) (/usr/share/texlive/texmf-dist/tex/latex/kvoptions/kvoptions.sty
Package: kvoptions 2020-10-07 v3.14 Key value format for package options (HO)
)
\@linkdim=\dimen154
\Hy@linkcounter=\count273
\Hy@pagecounter=\count274
 (/usr/share/texlive/texmf-dist/tex/latex/hyperref/pd1enc.def
File: pd1enc.def 2021-06-07 v7.00m Hyperref: PDFDocEncoding definition (HO)
Now handling font encoding PD1 ...
... no UTF-8 mapping file for font encoding PD1
) (/usr/share/texlive/texmf-dist/tex/latex/hyperref/hyperref-langpatches.def
File: hyperref-langpatches.def 2021-06-07 v7.00m Hyperref: patches for babel languages
) (/usr/share/texlive/texmf-dist/tex/generic/intcalc/intcalc.sty
Package: intcalc 2019/12/15 v1.3 Expandable calculations with integers (HO)
) (/usr/share/texlive/texmf-dist/tex/generic/etexcmds/etexcmds.sty
Package: etexcmds 2019/12/15 v1.7 Avoid name clashes with e-TeX commands (HO)
)
\Hy@SavedSpaceFactor=\count275
 (/usr/share/texlive/texmf-dist/tex/latex/hyperref/puenc.def
File: puenc.def 2021-06-07 v7.00m Hyperref: PDF Unicode definition (HO)
Now handling font encoding PU ...
... no UTF-8 mapping file for font encoding PU
)
Package hyperref Info: Hyper figures OFF on input line 4192.
Package hyperref Info: Link nesting OFF on input line 4197.
Package hyperref Info: Hyper index ON on input line 4200.
Package hyperref Info: Plain pages OFF on input line 4207.
Package hyperref Info: Backreferencing OFF on input line 4212.
Package hyperref Info: Implicit mode ON; LaTeX internals redefined.
Package hyperref Info: Bookmarks ON on input line 4445.
\c@Hy@tempcnt=\count276
 (/usr/share/texlive/texmf-dist/tex/latex/url/url.sty
\Urlmuskip=\muskip16
Package: url 2013/09/16  ver 3.4  Verb mode for urls, etc.
)
LaTeX Info: Redefining \url on input line 4804.
\XeTeXLinkMargin=\dimen155
 (/usr/share/texlive/texmf-dist/tex/generic/bitset/bitset.sty
Package: bitset 2019/12/09 v1.3 Handle bit-vector datatype (HO)
 (/usr/share/texlive/texmf-dist/tex/generic/bigintcalc/bigintcalc.sty
Package: bigintcalc 2019/12/15 v1.5 Expandable calculations on big integers (HO)
))
\Fld@menulength=\count277
\Field@Width=\dimen156
\Fld@charsize=\dimen157
Package hyperref Info: Hyper figures OFF on input line 6076.
Package hyperref Info: Link nesting OFF on input line 6081.
Package hyperref Info: Hyper index ON on input line 6084.
Package hyperref Info: backreferencing OFF on input line 6091.
Package hyperref Info: Link coloring OFF on input line 6096.
Package hyperref Info: Link coloring with OCG OFF on input line 6101.
Package hyperref Info: PDF/A mode OFF on input line 6106.
LaTeX Info: Redefining \ref on input line 6146.
LaTeX Info: Redefining \pageref on input line 6150.
 (/usr/share/texlive/texmf-dist/tex/latex/base/atbegshi-ltx.sty
Package: atbegshi-ltx 2021/01/10 v1.0c Emulation of the original atbegshi
package with kernel methods
)
\Hy@abspage=\count278
\c@Item=\count279
\c@Hfootnote=\count280
)
Package hyperref Info: Driver (autodetected): hpdftex.
 (/usr/share/texlive/texmf-dist/tex/latex/hyperref/hpdftex.def
File: hpdftex.def 2021-06-07 v7.00m Hyperref driver for pdfTeX
 (/usr/share/texlive/texmf-dist/tex/latex/base/atveryend-ltx.sty
Package: atveryend-ltx 2020/08/19 v1.0a Emulation of the original atveryend package
with kernel methods
)
\Fld@listcount=\count281
\c@bookmark@seq@number=\count282
 (/usr/share/texlive/texmf-dist/tex/latex/rerunfilecheck/rerunfilecheck.sty
Package: rerunfilecheck 2019/12/05 v1.9 Rerun checks for auxiliary files (HO)
 (/usr/share/texlive/texmf-dist/tex/generic/uniquecounter/uniquecounter.sty
Package: uniquecounter 2019/12/15 v1.4 Provide unlimited unique counter (HO)
)
Package uniquecounter Info: New unique counter `rerunfilecheck' on input line 286.
)
\Hy@SectionHShift=\skip53
) (/usr/share/texlive/texmf-dist/tex/latex/tools/verbatim.sty
Package: verbatim 2020-07-07 v1.5u LaTeX2e package for verbatim enhancements
\every@verbatim=\toks21
\verbatim@line=\toks22
\verbatim@in@stream=\read2
) (/usr/share/texlive/texmf-dist/tex/latex/caption/subcaption.sty
Package: subcaption 2020/10/07 v1.3j Sub-captions (AR)
\c@subfigure=\count283
\c@subtable=\count284
) (/usr/share/texlive/texmf-dist/tex/latex/was/gensymb.sty
Package: gensymb 2003/07/02 v1.0 (WaS)
) (/usr/share/texlive/texmf-dist/tex/latex/amsmath/amsmath.sty
Package: amsmath 2021/10/15 v2.17l AMS math features
\@mathmargin=\skip54

For additional information on amsmath, use the `?' option.
(/usr/share/texlive/texmf-dist/tex/latex/amsmath/amstext.sty
Package: amstext 2021/08/26 v2.01 AMS text
 (/usr/share/texlive/texmf-dist/tex/latex/amsmath/amsgen.sty
File: amsgen.sty 1999/11/30 v2.0 generic functions
\@emptytoks=\toks23
\ex@=\dimen158
)) (/usr/share/texlive/texmf-dist/tex/latex/amsmath/amsbsy.sty
Package: amsbsy 1999/11/29 v1.2d Bold Symbols
\pmbraise@=\dimen159
) (/usr/share/texlive/texmf-dist/tex/latex/amsmath/amsopn.sty
Package: amsopn 2021/08/26 v2.02 operator names
)
\inf@bad=\count285
LaTeX Info: Redefining \frac on input line 234.
\uproot@=\count286
\leftroot@=\count287
LaTeX Info: Redefining \overline on input line 399.
\classnum@=\count288
\DOTSCASE@=\count289
LaTeX Info: Redefining \ldots on input line 496.
LaTeX Info: Redefining \dots on input line 499.
LaTeX Info: Redefining \cdots on input line 620.
\Mathstrutbox@=\box56
\strutbox@=\box57
\big@size=\dimen160
LaTeX Font Info:    Redeclaring font encoding OML on input line 743.
LaTeX Font Info:    Redeclaring font encoding OMS on input line 744.
\macc@depth=\count290
\c@MaxMatrixCols=\count291
\dotsspace@=\muskip17
\c@parentequation=\count292
\dspbrk@lvl=\count293
\tag@help=\toks24
\row@=\count294
\column@=\count295
\maxfields@=\count296
\andhelp@=\toks25
\eqnshift@=\dimen161
\alignsep@=\dimen162
\tagshift@=\dimen163
\tagwidth@=\dimen164
\totwidth@=\dimen165
\lineht@=\dimen166
\@envbody=\toks26
\multlinegap=\skip55
\multlinetaggap=\skip56
\mathdisplay@stack=\toks27
LaTeX Info: Redefining \[ on input line 2938.
LaTeX Info: Redefining \] on input line 2939.
) (/usr/share/texlive/texmf-dist/tex/latex/geometry/geometry.sty
Package: geometry 2020/01/02 v5.9 Page Geometry
 (/usr/share/texlive/texmf-dist/tex/generic/iftex/ifvtex.sty
Package: ifvtex 2019/10/25 v1.7 ifvtex legacy package. Use iftex instead.
)
\Gm@cnth=\count297
\Gm@cntv=\count298
\c@Gm@tempcnt=\count299
\Gm@bindingoffset=\dimen167
\Gm@wd@mp=\dimen168
\Gm@odd@mp=\dimen169
\Gm@even@mp=\dimen170
\Gm@layoutwidth=\dimen171
\Gm@layoutheight=\dimen172
\Gm@layouthoffset=\dimen173
\Gm@layoutvoffset=\dimen174
\Gm@dimlist=\toks28
) (/usr/share/texlive/texmf-dist/tex/latex/multirow/multirow.sty
Package: multirow 2021/03/15 v2.8 Span multiple rows of a table
\multirow@colwidth=\skip57
\multirow@cntb=\count300
\multirow@dima=\skip58
\bigstrutjot=\dimen175
) (/usr/share/texlive/texmf-dist/tex/latex/l3backend/l3backend-pdftex.def
File: l3backend-pdftex.def 2022-01-12 L3 backend support: PDF output (pdfTeX)
\l__color_backend_stack_int=\count301
\l__pdf_internal_box=\box58
) (./lock_in_report.aux)
\openout1 = `lock_in_report.aux'.

LaTeX Font Info:    Checking defaults for OML/cmm/m/it on input line 30.
LaTeX Font Info:    ... okay on input line 30.
LaTeX Font Info:    Checking defaults for OMS/cmsy/m/n on input line 30.
LaTeX Font Info:    ... okay on input line 30.
LaTeX Font Info:    Checking defaults for OT1/cmr/m/n on input line 30.
LaTeX Font Info:    ... okay on input line 30.
LaTeX Font Info:    Checking defaults for T1/cmr/m/n on input line 30.
LaTeX Font Info:    ... okay on input line 30.
LaTeX Font Info:    Checking defaults for TS1/cmr/m/n on input line 30.
LaTeX Font Info:    ... okay on input line 30.
LaTeX Font Info:    Checking defaults for OMX/cmex/m/n on input line 30.
LaTeX Font Info:    ... okay on input line 30.
LaTeX Font Info:    Checking defaults for U/cmr/m/n on input line 30.
LaTeX Font Info:    ... okay on input line 30.
LaTeX Font Info:    Checking defaults for PD1/pdf/m/n on input line 30.
LaTeX Font Info:    ... okay on input line 30.
LaTeX Font Info:    Checking defaults for PU/pdf/m/n on input line 30.
LaTeX Font Info:    ... okay on input line 30.
\c@lstlisting=\count302
 (/usr/share/texlive/texmf-dist/tex/context/base/mkii/supp-pdf.mkii
[Loading MPS to PDF converter (version 2006.09.02).]
\scratchcounter=\count303
\scratchdimen=\dimen176
\scratchbox=\box59
\nofMPsegments=\count304
\nofMParguments=\count305
\everyMPshowfont=\toks29
\MPscratchCnt=\count306
\MPscratchDim=\dimen177
\MPnumerator=\count307
\makeMPintoPDFobject=\count308
\everyMPtoPDFconversion=\toks30
) (/usr/share/texlive/texmf-dist/tex/latex/epstopdf-pkg/epstopdf-base.sty
Package: epstopdf-base 2020-01-24 v2.11 Base part for package epstopdf
Package epstopdf-base Info: Redefining graphics rule for `.eps' on input line 485.
 (/usr/share/texlive/texmf-dist/tex/latex/latexconfig/epstopdf-sys.cfg
File: epstopdf-sys.cfg 2010/07/13 v1.3 Configuration of (r)epstopdf for TeX Live
))
Package caption Info: Begin \AtBeginDocument code.
Package caption Info: hyperref package is loaded.
Package caption Info: End \AtBeginDocument code.
Package hyperref Info: Link coloring OFF on input line 30.
 (/usr/share/texlive/texmf-dist/tex/latex/hyperref/nameref.sty
Package: nameref 2021-04-02 v2.47 Cross-referencing by name of section
 (/usr/share/texlive/texmf-dist/tex/latex/refcount/refcount.sty
Package: refcount 2019/12/15 v3.6 Data extraction from label references (HO)
) (/usr/share/texlive/texmf-dist/tex/generic/gettitlestring/gettitlestring.sty
Package: gettitlestring 2019/12/15 v1.6 Cleanup title references (HO)
)
\c@section@level=\count309
)
LaTeX Info: Redefining \ref on input line 30.
LaTeX Info: Redefining \pageref on input line 30.
LaTeX Info: Redefining \nameref on input line 30.
 (./lock_in_report.out) (./lock_in_report.out)
\@outlinefile=\write3
\openout3 = `lock_in_report.out'.

\symgns@font=\mathgroup4
LaTeX Font Info:    Overwriting symbol font `gns@font' in version `bold'
(Font)                  TS1/cmr/m/n --> TS1/cmr/b/n on input line 30.
Package gensymb Info: Math companion symbols declared on input line 30.
LaTeX Info: Redefining \degree on input line 30.
LaTeX Info: Redefining \celsius on input line 30.
Package gensymb Info: Using text companion symbols for \degree, \celsius and \perthousand on input line 30.
LaTeX Info: Redefining \ohm on input line 30.
Package gensymb Info: Using \textohm for \ohm on input line 30.
Package gensymb Info: Using \textmu for \micro on input line 30.

*geometry* driver: auto-detecting
*geometry* detected driver: pdftex
*geometry* verbose mode - [ preamble ] result:
* driver: pdftex
* paper: a4paper
* layout: <same size as paper>
* layoutoffset:(h,v)=(0.0pt,0.0pt)
* modes: 
* h-part:(L,W,R)=(85.35826pt, 426.79135pt, 85.35826pt)
* v-part:(T,H,B)=(85.35826pt, 645.87756pt, 113.81102pt)
* \paperwidth=597.50787pt
* \paperheight=845.04684pt
* \textwidth=426.79135pt
* \textheight=645.87756pt
* \oddsidemargin=13.08827pt
* \evensidemargin=13.08827pt
* \topmargin=-23.91173pt
* \headheight=12.0pt
* \headsep=25.0pt
* \topskip=10.0pt
* \footskip=30.0pt
* \marginparwidth=65.0pt
* \marginparsep=11.0pt
* \columnsep=10.0pt
* \skip\footins=9.0pt plus 4.0pt minus 2.0pt
* \hoffset=0.0pt
* \voffset=0.0pt
* \mag=1000
* \@twocolumnfalse
* \@twosidefalse
* \@mparswitchfalse
* \@reversemarginfalse
* (1in=72.27pt=25.4mm, 1cm=28.453pt)

LaTeX Font Info:    Trying to load font information for T1+cmtt on input line 51.
(/usr/share/texlive/texmf-dist/tex/latex/base/t1cmtt.fd
File: t1cmtt.fd 2019/12/16 v2.5j Standard LaTeX font definitions
) [1

{/var/lib/texmf/fonts/map/pdftex/updmap/pdftex.map}]
<../results/preamplifier_circuit.png, id=107, 728.7225pt x 377.91188pt>
File: ../results/preamplifier_circuit.png Graphic file (type png)
<use ../results/preamplifier_circuit.png>
Package pdftex.def Info: ../results/preamplifier_circuit.png  used on input line 117.
(pdftex.def)             Requested size: 199.16928pt x 103.28313pt.
<../raw_data/TEK00071.PNG, id=109, 481.8pt x 234.8775pt>
File: ../raw_data/TEK00071.PNG Graphic file (type png)
<use ../raw_data/TEK00071.PNG>
Package pdftex.def Info: ../raw_data/TEK00071.PNG  used on input line 123.
(pdftex.def)             Requested size: 199.16928pt x 97.09244pt.
<../results/phase_shifter_circuit.png, id=113, 589.4522pt x 194.97844pt>
File: ../results/phase_shifter_circuit.png Graphic file (type png)
<use ../results/phase_shifter_circuit.png>
Package pdftex.def Info: ../results/phase_shifter_circuit.png  used on input line 145.
(pdftex.def)             Requested size: 199.16928pt x 65.88121pt.
<../raw_data/TEK00306.PNG, id=114, 481.8pt x 234.8775pt>
File: ../raw_data/TEK00306.PNG Graphic file (type png)
<use ../raw_data/TEK00306.PNG>
Package pdftex.def Info: ../raw_data/TEK00306.PNG  used on input line 151.
(pdftex.def)             Requested size: 199.16928pt x 97.09244pt.
 [2 <../results/preamplifier_circuit.png> <../raw_data/TEK00071.PNG (PNG copy)>]
<../results/DBM_circuit.png, id=128, 611.28375pt x 145.29282pt>
File: ../results/DBM_circuit.png Graphic file (type png)
<use ../results/DBM_circuit.png>
Package pdftex.def Info: ../results/DBM_circuit.png  used on input line 174.
(pdftex.def)             Requested size: 199.16928pt x 47.33931pt.
<../raw_data/TEK00396.PNG, id=129, 481.8pt x 234.8775pt>
File: ../raw_data/TEK00396.PNG Graphic file (type png)
<use ../raw_data/TEK00396.PNG>
Package pdftex.def Info: ../raw_data/TEK00396.PNG  used on input line 180.
(pdftex.def)             Requested size: 199.16928pt x 97.09244pt.
 [3 <../results/phase_shifter_circuit.png> <../raw_data/TEK00306.PNG (PNG copy)> <../results/DBM_circuit.png> <../raw_data/TEK00396.PNG (PNG copy)>]
<../results/low_pass_amplifier_circuit.png, id=142, 441.90094pt x 149.05687pt>
File: ../results/low_pass_amplifier_circuit.png Graphic file (type png)
<use ../results/low_pass_amplifier_circuit.png>
Package pdftex.def Info: ../results/low_pass_amplifier_circuit.png  used on input line 207.
(pdftex.def)             Requested size: 199.16928pt x 67.18185pt.
<../raw_data/TEK00453.PNG, id=143, 481.8pt x 234.8775pt>
File: ../raw_data/TEK00453.PNG Graphic file (type png)
<use ../raw_data/TEK00453.PNG>
Package pdftex.def Info: ../raw_data/TEK00453.PNG  used on input line 213.
(pdftex.def)             Requested size: 199.16928pt x 97.09244pt.
<../results/noise_circuit.png, id=148, 441.14813pt x 132.495pt>
File: ../results/noise_circuit.png Graphic file (type png)
<use ../results/noise_circuit.png>
Package pdftex.def Info: ../results/noise_circuit.png  used on input line 236.
(pdftex.def)             Requested size: 199.16928pt x 59.81828pt.
<../results/noise_detection_circuit.png, id=149, 447.17062pt x 151.3153pt>
File: ../results/noise_detection_circuit.png Graphic file (type png)
<use ../results/noise_detection_circuit.png>
Package pdftex.def Info: ../results/noise_detection_circuit.png  used on input line 242.
(pdftex.def)             Requested size: 199.16928pt x 67.39627pt.
<../results/DC_off_set_circuit.png, id=155, 443.40656pt x 145.29282pt>
File: ../results/DC_off_set_circuit.png Graphic file (type png)
<use ../results/DC_off_set_circuit.png>
Package pdftex.def Info: ../results/DC_off_set_circuit.png  used on input line 263.
(pdftex.def)             Requested size: 199.16928pt x 65.26366pt.
<../raw_data/TEK00640.PNG, id=156, 481.8pt x 234.8775pt>
File: ../raw_data/TEK00640.PNG Graphic file (type png)
<use ../raw_data/TEK00640.PNG>
Package pdftex.def Info: ../raw_data/TEK00640.PNG  used on input line 269.
(pdftex.def)             Requested size: 199.16928pt x 97.09244pt.
 [4 <../results/low_pass_amplifier_circuit.png> <../raw_data/TEK00453.PNG (PNG copy)> <../results/noise_circuit.png> <../results/noise_detection_circuit.png>]
<../results/hall_sensor_circuit.png, id=170, 445.665pt x 201.00093pt>
File: ../results/hall_sensor_circuit.png Graphic file (type png)
<use ../results/hall_sensor_circuit.png>
Package pdftex.def Info: ../results/hall_sensor_circuit.png  used on input line 292.
(pdftex.def)             Requested size: 199.16928pt x 89.82697pt.
<../raw_data/TEK00697.PNG, id=171, 481.8pt x 234.8775pt>
File: ../raw_data/TEK00697.PNG Graphic file (type png)
<use ../raw_data/TEK00697.PNG>
Package pdftex.def Info: ../raw_data/TEK00697.PNG  used on input line 298.
(pdftex.def)             Requested size: 199.16928pt x 97.09244pt.

Underfull \hbox (badness 1565) in paragraph at lines 333--334
[]|\T1/cmr/m/n/10 phase shifter gain-frequency plot in dis-played
 []


Underfull \hbox (badness 4792) in paragraph at lines 335--335
[]|\T1/cmr/m/n/10 phase shifter phase freq plot(phase
 []

[5 <../results/DC_off_set_circuit.png> <../raw_data/TEK00640.PNG (PNG copy)> <../results/hall_sensor_circuit.png> <../raw_data/TEK00697.PNG (PNG copy)>]
<../results/preamplifier_gain_freq_plot(gain2).png, id=198, 289.08pt x 289.08pt>
File: ../results/preamplifier_gain_freq_plot(gain2).png Graphic file (type png)
<use ../results/preamplifier_gain_freq_plot(gain2).png>
Package pdftex.def Info: ../results/preamplifier_gain_freq_plot(gain2).png  used on input line 361.
(pdftex.def)             Requested size: 122.34692pt x 122.34349pt.
<../results/preamplifier_gain_freq_plot(gain5).png, id=199, 289.08pt x 289.08pt>
File: ../results/preamplifier_gain_freq_plot(gain5).png Graphic file (type png)
<use ../results/preamplifier_gain_freq_plot(gain5).png>
Package pdftex.def Info: ../results/preamplifier_gain_freq_plot(gain5).png  used on input line 367.
(pdftex.def)             Requested size: 122.34692pt x 122.34349pt.
<../results/preamplifier_gain_freq_plot(gain10).png, id=200, 289.08pt x 289.08pt>
File: ../results/preamplifier_gain_freq_plot(gain10).png Graphic file (type png)
<use ../results/preamplifier_gain_freq_plot(gain10).png>
Package pdftex.def Info: ../results/preamplifier_gain_freq_plot(gain10).png  used on input line 373.
(pdftex.def)             Requested size: 122.34692pt x 122.34349pt.
<../results/preamplifier_phase_freq_plot(gain2).png, id=201, 289.08pt x 289.08pt>
File: ../results/preamplifier_phase_freq_plot(gain2).png Graphic file (type png)
<use ../results/preamplifier_phase_freq_plot(gain2).png>
Package pdftex.def Info: ../results/preamplifier_phase_freq_plot(gain2).png  used on input line 385.
(pdftex.def)             Requested size: 122.34692pt x 122.34349pt.
<../results/preamplifier_phase_freq_plot(gain5).png, id=202, 289.08pt x 289.08pt>
File: ../results/preamplifier_phase_freq_plot(gain5).png Graphic file (type png)
<use ../results/preamplifier_phase_freq_plot(gain5).png>
Package pdftex.def Info: ../results/preamplifier_phase_freq_plot(gain5).png  used on input line 391.
(pdftex.def)             Requested size: 122.34692pt x 122.34349pt.
<../results/preamplifier_phase_freq_plot(gain10).png, id=203, 289.08pt x 289.08pt>
File: ../results/preamplifier_phase_freq_plot(gain10).png Graphic file (type png)
<use ../results/preamplifier_phase_freq_plot(gain10).png>
Package pdftex.def Info: ../results/preamplifier_phase_freq_plot(gain10).png  used on input line 397.
(pdftex.def)             Requested size: 122.34692pt x 122.34349pt.
 [6 <../results/preamplifier_gain_freq_plot(gain2).png> <../results/preamplifier_gain_freq_plot(gain5).png> <../results/preamplifier_gain_freq_plot(gain10).png>]
<../results/phaseshifter_phase_freq_plot(phase0).png, id=216, 289.08pt x 289.08pt>
File: ../results/phaseshifter_phase_freq_plot(phase0).png Graphic file (type png)
<use ../results/phaseshifter_phase_freq_plot(phase0).png>
Package pdftex.def Info: ../results/phaseshifter_phase_freq_plot(phase0).png  used on input line 442.
(pdftex.def)             Requested size: 88.2037pt x 88.20235pt.
<../results/phaseshifter_phase_freq_plot(phase90).png, id=217, 289.08pt x 289.08pt>
File: ../results/phaseshifter_phase_freq_plot(phase90).png Graphic file (type png)
<use ../results/phaseshifter_phase_freq_plot(phase90).png>
Package pdftex.def Info: ../results/phaseshifter_phase_freq_plot(phase90).png  used on input line 448.
(pdftex.def)             Requested size: 88.2037pt x 88.20235pt.
<../results/phaseshifter_phase_freq_plot(phase180).png, id=218, 289.08pt x 289.08pt>
File: ../results/phaseshifter_phase_freq_plot(phase180).png Graphic file (type png)
<use ../results/phaseshifter_phase_freq_plot(phase180).png>
Package pdftex.def Info: ../results/phaseshifter_phase_freq_plot(phase180).png  used on input line 454.
(pdftex.def)             Requested size: 88.2037pt x 88.20235pt.
<../results/phaseshifter_phase_freq_plot(phase270).png, id=219, 289.08pt x 289.08pt>
File: ../results/phaseshifter_phase_freq_plot(phase270).png Graphic file (type png)
<use ../results/phaseshifter_phase_freq_plot(phase270).png>
Package pdftex.def Info: ../results/phaseshifter_phase_freq_plot(phase270).png  used on input line 460.
(pdftex.def)             Requested size: 88.2037pt x 88.20235pt.
 [7 <../results/preamplifier_phase_freq_plot(gain2).png> <../results/preamplifier_phase_freq_plot(gain5).png> <../results/preamplifier_phase_freq_plot(gain10).png> <../results/phaseshifter_phase_freq_plot(phase0).png> <../results/phaseshifter_phase_freq_plot(phase90).png> <../results/phaseshifter_phase_freq_plot(phase180).png> <../results/phaseshifter_phase_freq_plot(phase270).png>]
<../results/phaseshifter_gain_freq_plot(phase0).png, id=237, 289.08pt x 289.08pt>
File: ../results/phaseshifter_gain_freq_plot(phase0).png Graphic file (type png)
<use ../results/phaseshifter_gain_freq_plot(phase0).png>
Package pdftex.def Info: ../results/phaseshifter_gain_freq_plot(phase0).png  used on input line 490.
(pdftex.def)             Requested size: 88.2037pt x 88.20235pt.
<../results/phaseshifter_gain_freq_plot(phase90).png, id=238, 289.08pt x 289.08pt>
File: ../results/phaseshifter_gain_freq_plot(phase90).png Graphic file (type png)
<use ../results/phaseshifter_gain_freq_plot(phase90).png>
Package pdftex.def Info: ../results/phaseshifter_gain_freq_plot(phase90).png  used on input line 496.
(pdftex.def)             Requested size: 88.2037pt x 88.20235pt.
<../results/phaseshifter_gain_freq_plot(phase180).png, id=239, 289.08pt x 289.08pt>
File: ../results/phaseshifter_gain_freq_plot(phase180).png Graphic file (type png)
<use ../results/phaseshifter_gain_freq_plot(phase180).png>
Package pdftex.def Info: ../results/phaseshifter_gain_freq_plot(phase180).png  used on input line 502.
(pdftex.def)             Requested size: 88.2037pt x 88.20235pt.
<../results/phaseshifter_gain_freq_plot(phase270).png, id=240, 289.08pt x 289.08pt>
File: ../results/phaseshifter_gain_freq_plot(phase270).png Graphic file (type png)
<use ../results/phaseshifter_gain_freq_plot(phase270).png>
Package pdftex.def Info: ../results/phaseshifter_gain_freq_plot(phase270).png  used on input line 508.
(pdftex.def)             Requested size: 88.2037pt x 88.20235pt.
<../raw_data/TEK00355.PNG, id=243, 481.8pt x 234.8775pt>
File: ../raw_data/TEK00355.PNG Graphic file (type png)
<use ../raw_data/TEK00355.PNG>
Package pdftex.def Info: ../raw_data/TEK00355.PNG  used on input line 529.
(pdftex.def)             Requested size: 179.25244pt x 87.38356pt.
<../raw_data/TEK00356.PNG, id=244, 481.8pt x 234.8775pt>
File: ../raw_data/TEK00356.PNG Graphic file (type png)
<use ../raw_data/TEK00356.PNG>
Package pdftex.def Info: ../raw_data/TEK00356.PNG  used on input line 535.
(pdftex.def)             Requested size: 179.25244pt x 87.38356pt.
<../raw_data/TEK00357.PNG, id=245, 481.8pt x 234.8775pt>
File: ../raw_data/TEK00357.PNG Graphic file (type png)
<use ../raw_data/TEK00357.PNG>
Package pdftex.def Info: ../raw_data/TEK00357.PNG  used on input line 541.
(pdftex.def)             Requested size: 179.25244pt x 87.38356pt.
<../raw_data/TEK00358.PNG, id=246, 481.8pt x 234.8775pt>
File: ../raw_data/TEK00358.PNG Graphic file (type png)
<use ../raw_data/TEK00358.PNG>
Package pdftex.def Info: ../raw_data/TEK00358.PNG  used on input line 547.
(pdftex.def)             Requested size: 179.25244pt x 87.38356pt.
 [8 <../results/phaseshifter_gain_freq_plot(phase0).png> <../results/phaseshifter_gain_freq_plot(phase90).png> <../results/phaseshifter_gain_freq_plot(phase180).png> <../results/phaseshifter_gain_freq_plot(phase270).png> <../raw_data/TEK00355.PNG (PNG copy)> <../raw_data/TEK00356.PNG (PNG copy)> <../raw_data/TEK00357.PNG (PNG copy)> <../raw_data/TEK00358.PNG (PNG copy)>]
<../raw_data/TEK00484.PNG, id=258, 481.8pt x 234.8775pt>
File: ../raw_data/TEK00484.PNG Graphic file (type png)
<use ../raw_data/TEK00484.PNG>
Package pdftex.def Info: ../raw_data/TEK00484.PNG  used on input line 581.
(pdftex.def)             Requested size: 170.71652pt x 83.22261pt.
<../results/low_pass_filter_gain_freq_plot(db_oct6)(time_constant0.03).png, id=265, 289.08pt x 289.08pt>
File: ../results/low_pass_filter_gain_freq_plot(db_oct6)(time_constant0.03).png Graphic file (type png)
<use ../results/low_pass_filter_gain_freq_plot(db_oct6)(time_constant0.03).png>
Package pdftex.def Info: ../results/low_pass_filter_gain_freq_plot(db_oct6)(time_constant0.03).png  used on input line 623.
(pdftex.def)             Requested size: 179.25244pt x 179.24979pt.
<../results/low_pass_filter_gain_freq_plot(db_oct6)(time_constant0.1).png, id=266, 289.08pt x 289.08pt>
File: ../results/low_pass_filter_gain_freq_plot(db_oct6)(time_constant0.1).png Graphic file (type png)
<use ../results/low_pass_filter_gain_freq_plot(db_oct6)(time_constant0.1).png>
Package pdftex.def Info: ../results/low_pass_filter_gain_freq_plot(db_oct6)(time_constant0.1).png  used on input line 629.
(pdftex.def)             Requested size: 179.25244pt x 179.24979pt.
<../results/low_pass_filter_gain_freq_plot(db_oct6)(time_constant0.3).png, id=267, 289.08pt x 289.08pt>
File: ../results/low_pass_filter_gain_freq_plot(db_oct6)(time_constant0.3).png Graphic file (type png)
<use ../results/low_pass_filter_gain_freq_plot(db_oct6)(time_constant0.3).png>
Package pdftex.def Info: ../results/low_pass_filter_gain_freq_plot(db_oct6)(time_constant0.3).png  used on input line 635.
(pdftex.def)             Requested size: 179.25244pt x 179.24979pt.
<../results/low_pass_filter_gain_freq_plot(db_oct12)(time_constant0.03).png, id=268, 289.08pt x 289.08pt>
File: ../results/low_pass_filter_gain_freq_plot(db_oct12)(time_constant0.03).png Graphic file (type png)
<use ../results/low_pass_filter_gain_freq_plot(db_oct12)(time_constant0.03).png>
Package pdftex.def Info: ../results/low_pass_filter_gain_freq_plot(db_oct12)(time_constant0.03).png  used on input line 641.
(pdftex.def)             Requested size: 179.25244pt x 179.24979pt.
<../results/low_pass_filter_gain_freq_plot(db_oct12)(time_constant0.1).png, id=269, 289.08pt x 289.08pt>
File: ../results/low_pass_filter_gain_freq_plot(db_oct12)(time_constant0.1).png Graphic file (type png)
<use ../results/low_pass_filter_gain_freq_plot(db_oct12)(time_constant0.1).png>
Package pdftex.def Info: ../results/low_pass_filter_gain_freq_plot(db_oct12)(time_constant0.1).png  used on input line 647.
(pdftex.def)             Requested size: 179.25244pt x 179.24979pt.
<../results/low_pass_filter_gain_freq_plot(db_oct12)(time_constant0.3).png, id=270, 289.08pt x 289.08pt>
File: ../results/low_pass_filter_gain_freq_plot(db_oct12)(time_constant0.3).png Graphic file (type png)
<use ../results/low_pass_filter_gain_freq_plot(db_oct12)(time_constant0.3).png>
Package pdftex.def Info: ../results/low_pass_filter_gain_freq_plot(db_oct12)(time_constant0.3).png  used on input line 653.
(pdftex.def)             Requested size: 179.25244pt x 179.24979pt.
 [9 <../raw_data/TEK00484.PNG (PNG copy)>] (./lock_in_report.bbl [10 <../results/low_pass_filter_gain_freq_plot(db_oct6)(time_constant0.03).png> <../results/low_pass_filter_gain_freq_plot(db_oct6)(time_constant0.1).png> <../results/low_pass_filter_gain_freq_plot(db_oct6)(time_constant0.3).png> <../results/low_pass_filter_gain_freq_plot(db_oct12)(time_constant0.03).png> <../results/low_pass_filter_gain_freq_plot(db_oct12)(time_constant0.1).png> <../results/low_pass_filter_gain_freq_plot(db_oct12)(time_constant0.3).png>]) [11] (./lock_in_report.aux)
Package rerunfilecheck Info: File `lock_in_report.out' has not changed.
(rerunfilecheck)             Checksum: 67B8D7A745307A13CD2BEBF2E260B6C5;3450.
 ) 
Here is how much of TeX's memory you used:
 13037 strings out of 478287
 216379 string characters out of 5849289
 509470 words of memory out of 5000000
 30964 multiletter control sequences out of 15000+600000
 483158 words of font info for 59 fonts, out of 8000000 for 9000
 1141 hyphenation exceptions out of 8191
 60i,11n,63p,656b,498s stack positions out of 5000i,500n,10000p,200000b,80000s
{/usr/share/texmf/fonts/enc/dvips/cm-super/cm-super-ts1.enc}{/usr/share/texmf/fonts/enc/dvips/cm-super/cm-super-t1.enc}</usr/share/texlive/texmf-dist/fonts/type1/public/amsfonts/cm/cmex10.pfb></usr/share/texlive/texmf-dist/fonts/type1/public/amsfonts/cm/cmmi10.pfb></usr/share/texlive/texmf-dist/fonts/type1/public/amsfonts/cm/cmr10.pfb></usr/share/texlive/texmf-dist/fonts/type1/public/amsfonts/cm/cmr7.pfb></usr/share/texlive/texmf-dist/fonts/type1/public/amsfonts/cm/cmsy10.pfb></usr/share/texlive/texmf-dist/fonts/type1/public/amsfonts/cm/cmsy7.pfb></usr/share/texmf/fonts/type1/public/cm-super/sfbx0900.pfb></usr/share/texmf/fonts/type1/public/cm-super/sfbx1000.pfb></usr/share/texmf/fonts/type1/public/cm-super/sfbx1200.pfb></usr/share/texmf/fonts/type1/public/cm-super/sfbx1440.pfb></usr/share/texmf/fonts/type1/public/cm-super/sfrm0800.pfb></usr/share/texmf/fonts/type1/public/cm-super/sfrm0900.pfb></usr/share/texmf/fonts/type1/public/cm-super/sfrm1000.pfb></usr/share/texmf/fonts/type1/public/cm-super/sfrm1200.pfb></usr/share/texmf/fonts/type1/public/cm-super/sfrm1728.pfb></usr/share/texmf/fonts/type1/public/cm-super/sftt1000.pfb>
Output written on lock_in_report.pdf (11 pages, 816051 bytes).
PDF statistics:
 386 PDF objects out of 1000 (max. 8388607)
 259 compressed objects within 3 object streams
 56 named destinations out of 1000 (max. 500000)
 356 words of extra memory for PDF output out of 10000 (max. 10000000)

